<?xml version="1.0" ?>
<coverage branch-rate="0" line-rate="0.2376" timestamp="1484596469947" version="4.3.1">
	<!-- Generated by coverage.py: https://coverage.readthedocs.io -->
	<!-- Based on https://raw.githubusercontent.com/cobertura/web/f0366e5e2cf18f111cbd61fc34ef720a6584ba02/htdocs/xml/coverage-03.dtd -->
	<sources/>
	<packages>
		<package branch-rate="0" complexity="0" line-rate="0.2376" name="C:.Python35.Lib.site-packages.rstwriter">
			<classes>
				<class branch-rate="0" complexity="0" filename="C:/Python35/Lib/site-packages/rstwriter/__init__.py" line-rate="1" name="__init__.py">
					<methods/>
					<lines>
						<line hits="1" number="1"/>
					</lines>
				</class>
				<class branch-rate="0" complexity="0" filename="C:/Python35/Lib/site-packages/rstwriter/rstwriter.py" line-rate="0.23" name="rstwriter.py">
					<methods/>
					<lines>
						<line hits="1" number="3"/>
						<line hits="1" number="4"/>
						<line hits="1" number="7"/>
						<line hits="1" number="10"/>
						<line hits="1" number="11"/>
						<line hits="1" number="12"/>
						<line hits="1" number="13"/>
						<line hits="1" number="14"/>
						<line hits="1" number="15"/>
						<line hits="1" number="16"/>
						<line hits="1" number="18"/>
						<line hits="1" number="20"/>
						<line hits="1" number="21"/>
						<line hits="1" number="23"/>
						<line hits="0" number="25"/>
						<line hits="0" number="26"/>
						<line hits="0" number="27"/>
						<line hits="0" number="28"/>
						<line hits="0" number="30"/>
						<line hits="1" number="32"/>
						<line hits="0" number="34"/>
						<line hits="0" number="35"/>
						<line hits="0" number="37"/>
						<line hits="0" number="38"/>
						<line hits="0" number="39"/>
						<line hits="0" number="40"/>
						<line hits="0" number="41"/>
						<line hits="0" number="42"/>
						<line hits="0" number="43"/>
						<line hits="0" number="45"/>
						<line hits="0" number="46"/>
						<line hits="0" number="48"/>
						<line hits="1" number="50"/>
						<line hits="0" number="52"/>
						<line hits="1" number="54"/>
						<line hits="0" number="56"/>
						<line hits="1" number="58"/>
						<line hits="0" number="60"/>
						<line hits="1" number="62"/>
						<line hits="0" number="64"/>
						<line hits="0" number="65"/>
						<line hits="0" number="66"/>
						<line hits="0" number="67"/>
						<line hits="0" number="68"/>
						<line hits="1" number="70"/>
						<line hits="0" number="72"/>
						<line hits="0" number="73"/>
						<line hits="0" number="74"/>
						<line hits="0" number="76"/>
						<line hits="0" number="77"/>
						<line hits="1" number="79"/>
						<line hits="0" number="82"/>
						<line hits="0" number="84"/>
						<line hits="0" number="85"/>
						<line hits="0" number="86"/>
						<line hits="0" number="87"/>
						<line hits="0" number="89"/>
						<line hits="0" number="90"/>
						<line hits="0" number="91"/>
						<line hits="0" number="92"/>
						<line hits="1" number="94"/>
						<line hits="0" number="97"/>
						<line hits="0" number="99"/>
						<line hits="0" number="100"/>
						<line hits="0" number="102"/>
						<line hits="0" number="105"/>
						<line hits="0" number="106"/>
						<line hits="0" number="108"/>
						<line hits="0" number="110"/>
						<line hits="0" number="111"/>
						<line hits="0" number="112"/>
						<line hits="0" number="113"/>
						<line hits="0" number="116"/>
						<line hits="0" number="119"/>
						<line hits="0" number="122"/>
						<line hits="0" number="123"/>
						<line hits="0" number="124"/>
						<line hits="0" number="125"/>
						<line hits="0" number="126"/>
						<line hits="0" number="129"/>
						<line hits="0" number="130"/>
						<line hits="0" number="131"/>
						<line hits="0" number="133"/>
						<line hits="0" number="134"/>
						<line hits="0" number="136"/>
						<line hits="0" number="137"/>
						<line hits="0" number="138"/>
						<line hits="0" number="139"/>
						<line hits="0" number="142"/>
						<line hits="0" number="144"/>
						<line hits="0" number="146"/>
						<line hits="0" number="147"/>
						<line hits="0" number="148"/>
						<line hits="1" number="150"/>
						<line hits="0" number="152"/>
						<line hits="0" number="153"/>
						<line hits="0" number="154"/>
						<line hits="0" number="155"/>
						<line hits="0" number="157"/>
						<line hits="0" number="158"/>
					</lines>
				</class>
			</classes>
		</package>
	</packages>
</coverage>
